  addition.cpp
  checker_number.cpp
D:\visual studio\repos\project_8_group\project_8_group\checker_number.cpp(5,5): warning C4267: инициализация: преобразование из "size_t" в "int"; возможна потеря данных
  check_operand.cpp
  comparing.cpp
D:\visual studio\repos\project_8_group\project_8_group\comparing.cpp(6,34): warning C4267: инициализация: преобразование из "size_t" в "int"; возможна потеря данных
D:\visual studio\repos\project_8_group\project_8_group\comparing.cpp(7,34): warning C4267: инициализация: преобразование из "size_t" в "int"; возможна потеря данных
D:\visual studio\repos\project_8_group\project_8_group\comparing.cpp(23,9): warning C4267: инициализация: преобразование из "size_t" в "int"; возможна потеря данных
D:\visual studio\repos\project_8_group\project_8_group\comparing.cpp(9,9): warning C4101: counter_equality: неиспользованная локальная переменная
  comparing_division.cpp
D:\visual studio\repos\project_8_group\project_8_group\comparing_division.cpp(33,9): warning C4267: инициализация: преобразование из "size_t" в "int"; возможна потеря данных
  comparing_multiplication.cpp
  condition_symbols.cpp
  condition_symbols_console.cpp
  GetNumber2.cpp
D:\visual studio\repos\project_8_group\project_8_group\GetNumber2.cpp(15,9): warning C4267: инициализация: преобразование из "size_t" в "int"; возможна потеря данных
  GetNumber1.cpp
D:\visual studio\repos\project_8_group\project_8_group\GetNumber1.cpp(16,9): warning C4267: инициализация: преобразование из "size_t" в "int"; возможна потеря данных
  GetOperand.cpp
  integer_division.cpp
  multiplication.cpp
  project_8_group.cpp
D:\visual studio\repos\project_8_group\project_8_group\project_8_group.cpp(27,1): warning C4326: возвращаемый тип "main" должен быть "int", а не "void"
  remainder_division.cpp
  show_result.cpp
D:\visual studio\repos\project_8_group\project_8_group\show_result.cpp(9,5): warning C4267: инициализация: преобразование из "size_t" в "int"; возможна потеря данных
D:\visual studio\repos\project_8_group\project_8_group\show_result.cpp(19,5): warning C4267: инициализация: преобразование из "size_t" в "int"; возможна потеря данных
  subtraction.cpp
D:\visual studio\repos\project_8_group\project_8_group\subtraction.cpp(8,27): warning C4101: iterator: неиспользованная локальная переменная
  TTI.cpp
  Создание кода...
D:\visual studio\repos\project_8_group\project_8_group\TTI.cpp(34): warning C4715: translate_to_int: значение возвращается не при всех путях выполнения
  project_8_group.vcxproj -> D:\visual studio\repos\project_8_group\x64\Debug\project_8_group.exe
